# JRE version: OpenJDK Runtime Environment (17.0.10) (build 17.0.10+0--11572160)
# Java VM: OpenJDK 64-Bit Server VM (17.0.10+0--11572160, mixed mode, tiered, compressed oops, compressed class ptrs, g1 gc, windows-amd64)
GC Precious Log:
 CPUs: 6 total, 6 available
 Memory: 16297M
 Large Page Support: Disabled
 NUMA Support: Disabled
 Compressed Oops: Enabled (32-bit)
 Heap Region Size: 1M
 Heap Min Capacity: 8M
 Heap Initial Capacity: 256M
 Heap Max Capacity: 2G
 Pre-touch: Disabled
 Parallel Workers: 6
 Concurrent Workers: 2
 Concurrent Refinement Workers: 6
 Periodic GC: Disabled
Heap:
 garbage-first heap   total 361472K, used 214007K [0x0000000080000000, 0x0000000100000000)
  region size 1024K, 4 young (4096K), 4 survivors (4096K)
 Metaspace       used 139193K, committed 140032K, reserved 1179648K
  class space    used 18557K, committed 18944K, reserved 1048576K
GC Heap History (20 events):
Event: 26.156 GC heap after
{Heap after GC invocations=53 (full 0):
 garbage-first heap   total 361472K, used 172352K [0x0000000080000000, 0x0000000100000000)
  region size 1024K, 17 young (17408K), 17 survivors (17408K)
 Metaspace       used 107844K, committed 108544K, reserved 1179648K
  class space    used 14221K, committed 14528K, reserved 1048576K
}
Event: 26.863 GC heap before
{Heap before GC invocations=53 (full 0):
 garbage-first heap   total 361472K, used 287040K [0x0000000080000000, 0x0000000100000000)
  region size 1024K, 130 young (133120K), 17 survivors (17408K)
 Metaspace       used 113309K, committed 114048K, reserved 1179648K
  class space    used 14958K, committed 15296K, reserved 1048576K
}
Event: 26.874 GC heap after
{Heap after GC invocations=54 (full 0):
 garbage-first heap   total 361472K, used 180509K [0x0000000080000000, 0x0000000100000000)
  region size 1024K, 11 young (11264K), 11 survivors (11264K)
 Metaspace       used 113309K, committed 114048K, reserved 1179648K
  class space    used 14958K, committed 15296K, reserved 1048576K
}
Event: 28.026 GC heap before
{Heap before GC invocations=54 (full 0):
 garbage-first heap   total 361472K, used 292125K [0x0000000080000000, 0x0000000100000000)
  region size 1024K, 119 young (121856K), 11 survivors (11264K)
 Metaspace       used 119428K, committed 120064K, reserved 1179648K
  class space    used 15583K, committed 15872K, reserved 1048576K
}
Event: 28.032 GC heap after
{Heap after GC invocations=55 (full 0):
 garbage-first heap   total 361472K, used 184553K [0x0000000080000000, 0x0000000100000000)
  region size 1024K, 3 young (3072K), 3 survivors (3072K)
 Metaspace       used 119428K, committed 120064K, reserved 1179648K
  class space    used 15583K, committed 15872K, reserved 1048576K
}
Event: 28.641 GC heap before
{Heap before GC invocations=55 (full 0):
 garbage-first heap   total 361472K, used 299241K [0x0000000080000000, 0x0000000100000000)
  region size 1024K, 112 young (114688K), 3 survivors (3072K)
 Metaspace       used 127982K, committed 128704K, reserved 1179648K
  class space    used 16861K, committed 17216K, reserved 1048576K
}
Event: 28.651 GC heap after
{Heap after GC invocations=56 (full 0):
 garbage-first heap   total 361472K, used 192720K [0x0000000080000000, 0x0000000100000000)
  region size 1024K, 13 young (13312K), 13 survivors (13312K)
 Metaspace       used 127982K, committed 128704K, reserved 1179648K
  class space    used 16861K, committed 17216K, reserved 1048576K
}
Event: 29.244 GC heap before
{Heap before GC invocations=56 (full 0):
 garbage-first heap   total 361472K, used 293072K [0x0000000080000000, 0x0000000100000000)
  region size 1024K, 112 young (114688K), 13 survivors (13312K)
 Metaspace       used 135621K, committed 136384K, reserved 1179648K
  class space    used 18002K, committed 18368K, reserved 1048576K
}
Event: 29.254 GC heap after
{Heap after GC invocations=57 (full 0):
 garbage-first heap   total 361472K, used 196809K [0x0000000080000000, 0x0000000100000000)
  region size 1024K, 5 young (5120K), 5 survivors (5120K)
 Metaspace       used 135621K, committed 136384K, reserved 1179648K
  class space    used 18002K, committed 18368K, reserved 1048576K
}
Event: 29.946 GC heap before
{Heap before GC invocations=57 (full 0):
 garbage-first heap   total 361472K, used 301257K [0x0000000080000000, 0x0000000100000000)
  region size 1024K, 104 young (106496K), 5 survivors (5120K)
 Metaspace       used 139033K, committed 139840K, reserved 1179648K
  class space    used 18533K, committed 18880K, reserved 1048576K
}
Event: 29.949 GC heap after
{Heap after GC invocations=58 (full 0):
 garbage-first heap   total 361472K, used 195759K [0x0000000080000000, 0x0000000100000000)
  region size 1024K, 4 young (4096K), 4 survivors (4096K)
 Metaspace       used 139033K, committed 139840K, reserved 1179648K
  class space    used 18533K, committed 18880K, reserved 1048576K
}
Event: 29.987 GC heap before
{Heap before GC invocations=58 (full 0):
 garbage-first heap   total 361472K, used 228527K [0x0000000080000000, 0x0000000100000000)
  region size 1024K, 8 young (8192K), 4 survivors (4096K)
 Metaspace       used 139193K, committed 140032K, reserved 1179648K
  class space    used 18557K, committed 18944K, reserved 1048576K
}
Event: 29.990 GC heap after
{Heap after GC invocations=59 (full 0):
 garbage-first heap   total 361472K, used 209930K [0x0000000080000000, 0x0000000100000000)
  region size 1024K, 4 young (4096K), 4 survivors (4096K)
 Metaspace       used 139193K, committed 140032K, reserved 1179648K
  class space    used 18557K, committed 18944K, reserved 1048576K
}
Event: 30.003 GC heap before
{Heap before GC invocations=59 (full 0):
 garbage-first heap   total 361472K, used 220170K [0x0000000080000000, 0x0000000100000000)
  region size 1024K, 5 young (5120K), 4 survivors (4096K)
 Metaspace       used 139193K, committed 140032K, reserved 1179648K
  class space    used 18557K, committed 18944K, reserved 1048576K
}
Event: 30.006 GC heap after
{Heap after GC invocations=60 (full 0):
 garbage-first heap   total 361472K, used 209845K [0x0000000080000000, 0x0000000100000000)
  region size 1024K, 4 young (4096K), 4 survivors (4096K)
 Metaspace       used 139193K, committed 140032K, reserved 1179648K
  class space    used 18557K, committed 18944K, reserved 1048576K
}
Event: 30.018 GC heap before
{Heap before GC invocations=60 (full 0):
 garbage-first heap   total 361472K, used 218037K [0x0000000080000000, 0x0000000100000000)
  region size 1024K, 5 young (5120K), 4 survivors (4096K)
 Metaspace       used 139193K, committed 140032K, reserved 1179648K
  class space    used 18557K, committed 18944K, reserved 1048576K
}
Event: 30.022 GC heap after
{Heap after GC invocations=61 (full 0):
 garbage-first heap   total 361472K, used 205978K [0x0000000080000000, 0x0000000100000000)
  region size 1024K, 4 young (4096K), 4 survivors (4096K)
 Metaspace       used 139193K, committed 140032K, reserved 1179648K
  class space    used 18557K, committed 18944K, reserved 1048576K
}
Event: 30.027 GC heap before
{Heap before GC invocations=61 (full 0):
 garbage-first heap   total 361472K, used 212122K [0x0000000080000000, 0x0000000100000000)
  region size 1024K, 5 young (5120K), 4 survivors (4096K)
 Metaspace       used 139193K, committed 140032K, reserved 1179648K
  class space    used 18557K, committed 18944K, reserved 1048576K
}
Event: 30.030 GC heap after
{Heap after GC invocations=62 (full 0):
 garbage-first heap   total 361472K, used 212092K [0x0000000080000000, 0x0000000100000000)
  region size 1024K, 4 young (4096K), 4 survivors (4096K)
 Metaspace       used 139193K, committed 140032K, reserved 1179648K
  class space    used 18557K, committed 18944K, reserved 1048576K
}
Event: 30.031 GC heap before
{Heap before GC invocations=62 (full 0):
 garbage-first heap   total 361472K, used 214140K [0x0000000080000000, 0x0000000100000000)
  region size 1024K, 5 young (5120K), 4 survivors (4096K)
 Metaspace       used 139193K, committed 140032K, reserved 1179648K
  class space    used 18557K, committed 18944K, reserved 1048576K
}

