# JRE version: OpenJDK Runtime Environment (17.0.10) (build 17.0.10+0--11572160)
# Java VM: OpenJDK 64-Bit Server VM (17.0.10+0--11572160, mixed mode, tiered, compressed oops, compressed class ptrs, g1 gc, windows-amd64)
GC Precious Log:
 CPUs: 6 total, 6 available
 Memory: 16297M
 Large Page Support: Disabled
 NUMA Support: Disabled
 Compressed Oops: Enabled (32-bit)
 Heap Region Size: 1M
 Heap Min Capacity: 8M
 Heap Initial Capacity: 256M
 Heap Max Capacity: 2G
 Pre-touch: Disabled
 Parallel Workers: 6
 Concurrent Workers: 2
 Concurrent Refinement Workers: 6
 Periodic GC: Disabled
Heap:
 garbage-first heap   total 480256K, used 297984K [0x0000000080000000, 0x0000000100000000)
  region size 1024K, 24 young (24576K), 12 survivors (12288K)
 Metaspace       used 155452K, committed 156608K, reserved 1245184K
  class space    used 20992K, committed 21504K, reserved 1048576K
GC Heap History (20 events):
Event: 189.150 GC heap before
{Heap before GC invocations=71 (full 0):
 garbage-first heap   total 292864K, used 252649K [0x0000000080000000, 0x0000000100000000)
  region size 1024K, 18 young (18432K), 3 survivors (3072K)
 Metaspace       used 140888K, committed 141952K, reserved 1179648K
  class space    used 18727K, committed 19200K, reserved 1048576K
}
Event: 189.153 GC heap after
{Heap after GC invocations=72 (full 0):
 garbage-first heap   total 292864K, used 239735K [0x0000000080000000, 0x0000000100000000)
  region size 1024K, 2 young (2048K), 2 survivors (2048K)
 Metaspace       used 140888K, committed 141952K, reserved 1179648K
  class space    used 18727K, committed 19200K, reserved 1048576K
}
Event: 189.245 GC heap before
{Heap before GC invocations=72 (full 0):
 garbage-first heap   total 292864K, used 253047K [0x0000000080000000, 0x0000000100000000)
  region size 1024K, 16 young (16384K), 2 survivors (2048K)
 Metaspace       used 142709K, committed 143808K, reserved 1179648K
  class space    used 19092K, committed 19584K, reserved 1048576K
}
Event: 189.248 GC heap after
{Heap after GC invocations=73 (full 0):
 garbage-first heap   total 382976K, used 240189K [0x0000000080000000, 0x0000000100000000)
  region size 1024K, 2 young (2048K), 2 survivors (2048K)
 Metaspace       used 142709K, committed 143808K, reserved 1179648K
  class space    used 19092K, committed 19584K, reserved 1048576K
}
Event: 189.891 GC heap before
{Heap before GC invocations=73 (full 0):
 garbage-first heap   total 382976K, used 314941K [0x0000000080000000, 0x0000000100000000)
  region size 1024K, 76 young (77824K), 2 survivors (2048K)
 Metaspace       used 147834K, committed 148864K, reserved 1179648K
  class space    used 19938K, committed 20416K, reserved 1048576K
}
Event: 189.896 GC heap after
{Heap after GC invocations=74 (full 0):
 garbage-first heap   total 382976K, used 244225K [0x0000000080000000, 0x0000000100000000)
  region size 1024K, 6 young (6144K), 6 survivors (6144K)
 Metaspace       used 147834K, committed 148864K, reserved 1179648K
  class space    used 19938K, committed 20416K, reserved 1048576K
}
Event: 190.489 GC heap before
{Heap before GC invocations=74 (full 0):
 garbage-first heap   total 382976K, used 318977K [0x0000000080000000, 0x0000000100000000)
  region size 1024K, 80 young (81920K), 6 survivors (6144K)
 Metaspace       used 149456K, committed 150592K, reserved 1179648K
  class space    used 20205K, committed 20736K, reserved 1048576K
}
Event: 190.493 GC heap after
{Heap after GC invocations=75 (full 0):
 garbage-first heap   total 382976K, used 242876K [0x0000000080000000, 0x0000000100000000)
  region size 1024K, 4 young (4096K), 4 survivors (4096K)
 Metaspace       used 149456K, committed 150592K, reserved 1179648K
  class space    used 20205K, committed 20736K, reserved 1048576K
}
Event: 191.961 GC heap before
{Heap before GC invocations=75 (full 0):
 garbage-first heap   total 382976K, used 322748K [0x0000000080000000, 0x0000000100000000)
  region size 1024K, 82 young (83968K), 4 survivors (4096K)
 Metaspace       used 151383K, committed 152448K, reserved 1245184K
  class space    used 20412K, committed 20928K, reserved 1048576K
}
Event: 191.965 GC heap after
{Heap after GC invocations=76 (full 0):
 garbage-first heap   total 382976K, used 244337K [0x0000000080000000, 0x0000000100000000)
  region size 1024K, 5 young (5120K), 5 survivors (5120K)
 Metaspace       used 151383K, committed 152448K, reserved 1245184K
  class space    used 20412K, committed 20928K, reserved 1048576K
}
Event: 193.376 GC heap before
{Heap before GC invocations=76 (full 0):
 garbage-first heap   total 382976K, used 340593K [0x0000000080000000, 0x0000000100000000)
  region size 1024K, 74 young (75776K), 5 survivors (5120K)
 Metaspace       used 154119K, committed 155200K, reserved 1245184K
  class space    used 20842K, committed 21376K, reserved 1048576K
}
Event: 193.380 GC heap after
{Heap after GC invocations=77 (full 0):
 garbage-first heap   total 382976K, used 260980K [0x0000000080000000, 0x0000000100000000)
  region size 1024K, 6 young (6144K), 6 survivors (6144K)
 Metaspace       used 154119K, committed 155200K, reserved 1245184K
  class space    used 20842K, committed 21376K, reserved 1048576K
}
Event: 193.971 GC heap before
{Heap before GC invocations=77 (full 0):
 garbage-first heap   total 382976K, used 285556K [0x0000000080000000, 0x0000000100000000)
  region size 1024K, 7 young (7168K), 6 survivors (6144K)
 Metaspace       used 154119K, committed 155200K, reserved 1245184K
  class space    used 20842K, committed 21376K, reserved 1048576K
}
Event: 193.975 GC heap after
{Heap after GC invocations=78 (full 0):
 garbage-first heap   total 382976K, used 263057K [0x0000000080000000, 0x0000000100000000)
  region size 1024K, 6 young (6144K), 6 survivors (6144K)
 Metaspace       used 154119K, committed 155200K, reserved 1245184K
  class space    used 20842K, committed 21376K, reserved 1048576K
}
Event: 194.215 GC heap before
{Heap before GC invocations=78 (full 0):
 garbage-first heap   total 382976K, used 283537K [0x0000000080000000, 0x0000000100000000)
  region size 1024K, 7 young (7168K), 6 survivors (6144K)
 Metaspace       used 154119K, committed 155200K, reserved 1245184K
  class space    used 20842K, committed 21376K, reserved 1048576K
}
Event: 194.222 GC heap after
{Heap after GC invocations=79 (full 0):
 garbage-first heap   total 382976K, used 262916K [0x0000000080000000, 0x0000000100000000)
  region size 1024K, 5 young (5120K), 5 survivors (5120K)
 Metaspace       used 154119K, committed 155200K, reserved 1245184K
  class space    used 20842K, committed 21376K, reserved 1048576K
}
Event: 693.875 GC heap before
{Heap before GC invocations=79 (full 0):
 garbage-first heap   total 382976K, used 336644K [0x0000000080000000, 0x0000000100000000)
  region size 1024K, 76 young (77824K), 5 survivors (5120K)
 Metaspace       used 155102K, committed 156288K, reserved 1245184K
  class space    used 20949K, committed 21504K, reserved 1048576K
}
Event: 693.884 GC heap after
{Heap after GC invocations=80 (full 0):
 garbage-first heap   total 382976K, used 249707K [0x0000000080000000, 0x0000000100000000)
  region size 1024K, 10 young (10240K), 10 survivors (10240K)
 Metaspace       used 155102K, committed 156288K, reserved 1245184K
  class space    used 20949K, committed 21504K, reserved 1048576K
}
Event: 694.745 GC heap before
{Heap before GC invocations=80 (full 0):
 garbage-first heap   total 382976K, used 342891K [0x0000000080000000, 0x0000000100000000)
  region size 1024K, 82 young (83968K), 10 survivors (10240K)
 Metaspace       used 155202K, committed 156352K, reserved 1245184K
  class space    used 20951K, committed 21504K, reserved 1048576K
}
Event: 694.773 GC heap after
{Heap after GC invocations=81 (full 0):
 garbage-first heap   total 391168K, used 293888K [0x0000000080000000, 0x0000000100000000)
  region size 1024K, 12 young (12288K), 12 survivors (12288K)
 Metaspace       used 155202K, committed 156352K, reserved 1245184K
  class space    used 20951K, committed 21504K, reserved 1048576K
}

